2022-10-12 11:51:11.720  INFO 18228 --- [restartedMain] e.u.b.pruebajpa.JpaOracleApplication     : Starting JpaOracleApplication using Java 17.0.4.1 on LAPTOP-LK3CS7LO with PID 18228 (C:\Users\lucia\Desktop\JAVA JPA\JPAOracle\JPAOracle\target\classes started by lucia in C:\Users\lucia\Desktop\JAVA JPA\JPAOracle\JPAOracle)
2022-10-12 11:51:11.839  INFO 18228 --- [restartedMain] e.u.b.pruebajpa.JpaOracleApplication     : No active profile set, falling back to 1 default profile: "default"
2022-10-12 11:51:12.267  INFO 18228 --- [restartedMain] o.s.b.devtools.restart.ChangeableUrls    : The Class-Path manifest attribute in C:\Users\lucia\.m2\repository\com\oracle\database\jdbc\ojdbc8\21.5.0.0\ojdbc8-21.5.0.0.jar referenced one or more files that do not exist: file:/C:/Users/lucia/.m2/repository/com/oracle/database/jdbc/ojdbc8/21.5.0.0/oraclepki.jar
2022-10-12 11:51:12.269  INFO 18228 --- [restartedMain] .e.DevToolsPropertyDefaultsPostProcessor : Devtools property defaults active! Set 'spring.devtools.add-properties' to 'false' to disable
2022-10-12 11:51:12.271  INFO 18228 --- [restartedMain] .e.DevToolsPropertyDefaultsPostProcessor : For additional web related logging consider setting the 'logging.level.web' property to 'DEBUG'
2022-10-12 11:51:14.158  INFO 18228 --- [restartedMain] .s.d.r.c.RepositoryConfigurationDelegate : Bootstrapping Spring Data JPA repositories in DEFAULT mode.
2022-10-12 11:51:14.381  INFO 18228 --- [restartedMain] .s.d.r.c.RepositoryConfigurationDelegate : Finished Spring Data repository scanning in 177 ms. Found 1 JPA repository interfaces.
2022-10-12 11:51:16.422  INFO 18228 --- [restartedMain] o.s.b.w.embedded.tomcat.TomcatWebServer  : Tomcat initialized with port(s): 8080 (http)
2022-10-12 11:51:16.457  INFO 18228 --- [restartedMain] o.apache.catalina.core.StandardService   : Starting service [Tomcat]
2022-10-12 11:51:16.458  INFO 18228 --- [restartedMain] org.apache.catalina.core.StandardEngine  : Starting Servlet engine: [Apache Tomcat/9.0.65]
2022-10-12 11:51:16.663  INFO 18228 --- [restartedMain] o.a.c.c.C.[Tomcat].[localhost].[/]       : Initializing Spring embedded WebApplicationContext
2022-10-12 11:51:16.664  INFO 18228 --- [restartedMain] w.s.c.ServletWebServerApplicationContext : Root WebApplicationContext: initialization completed in 4392 ms
2022-10-12 11:51:17.144  INFO 18228 --- [restartedMain] o.hibernate.jpa.internal.util.LogHelper  : HHH000204: Processing PersistenceUnitInfo [name: default]
2022-10-12 11:51:17.303  INFO 18228 --- [restartedMain] org.hibernate.Version                    : HHH000412: Hibernate ORM core version 5.6.11.Final
2022-10-12 11:51:17.734  INFO 18228 --- [restartedMain] o.hibernate.annotations.common.Version   : HCANN000001: Hibernate Commons Annotations {5.1.2.Final}
2022-10-12 11:51:18.043  INFO 18228 --- [restartedMain] com.zaxxer.hikari.HikariDataSource       : HikariPool-1 - Starting...
2022-10-12 11:51:18.054  WARN 18228 --- [restartedMain] com.zaxxer.hikari.util.DriverDataSource  : Registered driver with driverClassName=oracle.jdbc.driver.OracleDriver was not found, trying direct instantiation.
2022-10-12 11:51:19.237  INFO 18228 --- [restartedMain] com.zaxxer.hikari.HikariDataSource       : HikariPool-1 - Start completed.
2022-10-12 11:51:19.316  INFO 18228 --- [restartedMain] org.hibernate.dialect.Dialect            : HHH000400: Using dialect: org.hibernate.dialect.Oracle12cDialect
2022-10-12 11:51:23.783  INFO 18228 --- [restartedMain] o.h.e.t.j.p.i.JtaPlatformInitiator       : HHH000490: Using JtaPlatform implementation: [org.hibernate.engine.transaction.jta.platform.internal.NoJtaPlatform]
2022-10-12 11:51:23.811  INFO 18228 --- [restartedMain] j.LocalContainerEntityManagerFactoryBean : Initialized JPA EntityManagerFactory for persistence unit 'default'
2022-10-12 11:51:24.058  WARN 18228 --- [restartedMain] JpaBaseConfiguration$JpaWebConfiguration : spring.jpa.open-in-view is enabled by default. Therefore, database queries may be performed during view rendering. Explicitly configure spring.jpa.open-in-view to disable this warning
2022-10-12 11:51:25.631  INFO 18228 --- [restartedMain] o.s.b.d.a.OptionalLiveReloadServer       : LiveReload server is running on port 35729
2022-10-12 11:51:25.718  INFO 18228 --- [restartedMain] o.s.b.w.embedded.tomcat.TomcatWebServer  : Tomcat started on port(s): 8080 (http) with context path ''
2022-10-12 11:51:25.745  INFO 18228 --- [restartedMain] e.u.b.pruebajpa.JpaOracleApplication     : Started JpaOracleApplication in 15.592 seconds (JVM running for 17.767)
2022-10-12 11:51:41.328  INFO 18228 --- [http-nio-8080-exec-1] o.a.c.c.C.[Tomcat].[localhost].[/]       : Initializing Spring DispatcherServlet 'dispatcherServlet'
2022-10-12 11:51:41.329  INFO 18228 --- [http-nio-8080-exec-1] o.s.web.servlet.DispatcherServlet        : Initializing Servlet 'dispatcherServlet'
2022-10-12 11:51:41.339  INFO 18228 --- [http-nio-8080-exec-1] o.s.web.servlet.DispatcherServlet        : Completed initialization in 10 ms
2022-10-12 11:52:03.064  INFO 18228 --- [RMI TCP Connection(4)-127.0.0.1] inMXBeanRegistrar$SpringApplicationAdmin : Application shutdown requested.
2022-10-12 11:52:03.098  INFO 18228 --- [RMI TCP Connection(4)-127.0.0.1] o.apache.catalina.core.StandardService   : Stopping service [Tomcat]
2022-10-12 11:52:03.100  INFO 18228 --- [RMI TCP Connection(4)-127.0.0.1] o.a.c.c.C.[Tomcat].[localhost].[/]       : Destroying Spring FrameworkServlet 'dispatcherServlet'
2022-10-12 11:52:03.117  INFO 18228 --- [RMI TCP Connection(4)-127.0.0.1] j.LocalContainerEntityManagerFactoryBean : Closing JPA EntityManagerFactory for persistence unit 'default'
2022-10-12 11:52:03.126  INFO 18228 --- [RMI TCP Connection(4)-127.0.0.1] com.zaxxer.hikari.HikariDataSource       : HikariPool-1 - Shutdown initiated...
2022-10-12 11:52:03.192  INFO 18228 --- [RMI TCP Connection(4)-127.0.0.1] com.zaxxer.hikari.HikariDataSource       : HikariPool-1 - Shutdown completed.
2022-10-12 13:49:48.826  INFO 6240 --- [restartedMain] e.u.b.pruebajpa.JpaOracleApplication     : Starting JpaOracleApplication using Java 17.0.4.1 on LAPTOP-LK3CS7LO with PID 6240 (C:\Users\lucia\Desktop\JAVA JPA\JPAOracle\JPAOracle\target\classes started by lucia in C:\Users\lucia\Desktop\JAVA JPA\JPAOracle\JPAOracle)
2022-10-12 13:49:48.836  INFO 6240 --- [restartedMain] e.u.b.pruebajpa.JpaOracleApplication     : No active profile set, falling back to 1 default profile: "default"
2022-10-12 13:49:49.012  INFO 6240 --- [restartedMain] o.s.b.devtools.restart.ChangeableUrls    : The Class-Path manifest attribute in C:\Users\lucia\.m2\repository\com\oracle\database\jdbc\ojdbc8\21.5.0.0\ojdbc8-21.5.0.0.jar referenced one or more files that do not exist: file:/C:/Users/lucia/.m2/repository/com/oracle/database/jdbc/ojdbc8/21.5.0.0/oraclepki.jar
2022-10-12 13:49:49.014  INFO 6240 --- [restartedMain] .e.DevToolsPropertyDefaultsPostProcessor : Devtools property defaults active! Set 'spring.devtools.add-properties' to 'false' to disable
2022-10-12 13:49:49.015  INFO 6240 --- [restartedMain] .e.DevToolsPropertyDefaultsPostProcessor : For additional web related logging consider setting the 'logging.level.web' property to 'DEBUG'
2022-10-12 13:49:50.529  INFO 6240 --- [restartedMain] .s.d.r.c.RepositoryConfigurationDelegate : Bootstrapping Spring Data JPA repositories in DEFAULT mode.
2022-10-12 13:49:50.658  INFO 6240 --- [restartedMain] .s.d.r.c.RepositoryConfigurationDelegate : Finished Spring Data repository scanning in 106 ms. Found 1 JPA repository interfaces.
2022-10-12 13:49:52.465  INFO 6240 --- [restartedMain] o.s.b.w.embedded.tomcat.TomcatWebServer  : Tomcat initialized with port(s): 8080 (http)
2022-10-12 13:49:52.496  INFO 6240 --- [restartedMain] o.apache.catalina.core.StandardService   : Starting service [Tomcat]
2022-10-12 13:49:52.498  INFO 6240 --- [restartedMain] org.apache.catalina.core.StandardEngine  : Starting Servlet engine: [Apache Tomcat/9.0.65]
2022-10-12 13:49:52.699  INFO 6240 --- [restartedMain] o.a.c.c.C.[Tomcat].[localhost].[/]       : Initializing Spring embedded WebApplicationContext
2022-10-12 13:49:52.699  INFO 6240 --- [restartedMain] w.s.c.ServletWebServerApplicationContext : Root WebApplicationContext: initialization completed in 3683 ms
2022-10-12 13:49:53.178  INFO 6240 --- [restartedMain] o.hibernate.jpa.internal.util.LogHelper  : HHH000204: Processing PersistenceUnitInfo [name: default]
2022-10-12 13:49:53.326  INFO 6240 --- [restartedMain] org.hibernate.Version                    : HHH000412: Hibernate ORM core version 5.6.11.Final
2022-10-12 13:49:53.715  INFO 6240 --- [restartedMain] o.hibernate.annotations.common.Version   : HCANN000001: Hibernate Commons Annotations {5.1.2.Final}
2022-10-12 13:49:53.986  INFO 6240 --- [restartedMain] com.zaxxer.hikari.HikariDataSource       : HikariPool-1 - Starting...
2022-10-12 13:49:53.999  WARN 6240 --- [restartedMain] com.zaxxer.hikari.util.DriverDataSource  : Registered driver with driverClassName=oracle.jdbc.driver.OracleDriver was not found, trying direct instantiation.
2022-10-12 13:49:54.622  INFO 6240 --- [restartedMain] com.zaxxer.hikari.HikariDataSource       : HikariPool-1 - Start completed.
2022-10-12 13:49:54.699  INFO 6240 --- [restartedMain] org.hibernate.dialect.Dialect            : HHH000400: Using dialect: org.hibernate.dialect.Oracle12cDialect
2022-10-12 13:49:57.538  INFO 6240 --- [restartedMain] o.h.e.t.j.p.i.JtaPlatformInitiator       : HHH000490: Using JtaPlatform implementation: [org.hibernate.engine.transaction.jta.platform.internal.NoJtaPlatform]
2022-10-12 13:49:57.579  INFO 6240 --- [restartedMain] j.LocalContainerEntityManagerFactoryBean : Initialized JPA EntityManagerFactory for persistence unit 'default'
2022-10-12 13:49:57.635  WARN 6240 --- [restartedMain] ConfigServletWebServerApplicationContext : Exception encountered during context initialization - cancelling refresh attempt: org.springframework.beans.factory.UnsatisfiedDependencyException: Error creating bean with name 'alumnocontroller': Unsatisfied dependency expressed through field 'alumnoService'; nested exception is org.springframework.beans.factory.NoSuchBeanDefinitionException: No qualifying bean of type 'es.una.basedatos.pruebajpa.service.AlumnoService' available: expected at least 1 bean which qualifies as autowire candidate. Dependency annotations: {@org.springframework.beans.factory.annotation.Autowired(required=true)}
2022-10-12 13:49:57.636  INFO 6240 --- [restartedMain] j.LocalContainerEntityManagerFactoryBean : Closing JPA EntityManagerFactory for persistence unit 'default'
2022-10-12 13:49:57.668  INFO 6240 --- [restartedMain] com.zaxxer.hikari.HikariDataSource       : HikariPool-1 - Shutdown initiated...
2022-10-12 13:49:57.732  INFO 6240 --- [restartedMain] com.zaxxer.hikari.HikariDataSource       : HikariPool-1 - Shutdown completed.
2022-10-12 13:49:57.791  INFO 6240 --- [restartedMain] o.apache.catalina.core.StandardService   : Stopping service [Tomcat]
2022-10-12 13:49:57.847  INFO 6240 --- [restartedMain] ConditionEvaluationReportLoggingListener : 

Error starting ApplicationContext. To display the conditions report re-run your application with 'debug' enabled.
2022-10-12 13:49:57.975 ERROR 6240 --- [restartedMain] o.s.b.d.LoggingFailureAnalysisReporter   : 

***************************
APPLICATION FAILED TO START
***************************

Description:

Field alumnoService in es.una.basedatos.pruebajpa.controller.Alumnocontroller required a bean of type 'es.una.basedatos.pruebajpa.service.AlumnoService' that could not be found.

The injection point has the following annotations:
	- @org.springframework.beans.factory.annotation.Autowired(required=true)


Action:

Consider defining a bean of type 'es.una.basedatos.pruebajpa.service.AlumnoService' in your configuration.

2022-10-12 13:51:31.709  INFO 7932 --- [restartedMain] e.u.b.pruebajpa.JpaOracleApplication     : Starting JpaOracleApplication using Java 17.0.4.1 on LAPTOP-LK3CS7LO with PID 7932 (C:\Users\lucia\Desktop\JAVA JPA\JPAOracle\JPAOracle\target\classes started by lucia in C:\Users\lucia\Desktop\JAVA JPA\JPAOracle\JPAOracle)
2022-10-12 13:51:31.713  INFO 7932 --- [restartedMain] e.u.b.pruebajpa.JpaOracleApplication     : No active profile set, falling back to 1 default profile: "default"
2022-10-12 13:51:31.904  INFO 7932 --- [restartedMain] o.s.b.devtools.restart.ChangeableUrls    : The Class-Path manifest attribute in C:\Users\lucia\.m2\repository\com\oracle\database\jdbc\ojdbc8\21.5.0.0\ojdbc8-21.5.0.0.jar referenced one or more files that do not exist: file:/C:/Users/lucia/.m2/repository/com/oracle/database/jdbc/ojdbc8/21.5.0.0/oraclepki.jar
2022-10-12 13:51:31.904  INFO 7932 --- [restartedMain] .e.DevToolsPropertyDefaultsPostProcessor : Devtools property defaults active! Set 'spring.devtools.add-properties' to 'false' to disable
2022-10-12 13:51:31.905  INFO 7932 --- [restartedMain] .e.DevToolsPropertyDefaultsPostProcessor : For additional web related logging consider setting the 'logging.level.web' property to 'DEBUG'
2022-10-12 13:51:33.462  INFO 7932 --- [restartedMain] .s.d.r.c.RepositoryConfigurationDelegate : Bootstrapping Spring Data JPA repositories in DEFAULT mode.
2022-10-12 13:51:33.591  INFO 7932 --- [restartedMain] .s.d.r.c.RepositoryConfigurationDelegate : Finished Spring Data repository scanning in 108 ms. Found 1 JPA repository interfaces.
2022-10-12 13:51:35.566  INFO 7932 --- [restartedMain] o.s.b.w.embedded.tomcat.TomcatWebServer  : Tomcat initialized with port(s): 8080 (http)
2022-10-12 13:51:35.599  INFO 7932 --- [restartedMain] o.apache.catalina.core.StandardService   : Starting service [Tomcat]
2022-10-12 13:51:35.600  INFO 7932 --- [restartedMain] org.apache.catalina.core.StandardEngine  : Starting Servlet engine: [Apache Tomcat/9.0.65]
2022-10-12 13:51:35.818  INFO 7932 --- [restartedMain] o.a.c.c.C.[Tomcat].[localhost].[/]       : Initializing Spring embedded WebApplicationContext
2022-10-12 13:51:35.820  INFO 7932 --- [restartedMain] w.s.c.ServletWebServerApplicationContext : Root WebApplicationContext: initialization completed in 3914 ms
2022-10-12 13:51:36.312  INFO 7932 --- [restartedMain] o.hibernate.jpa.internal.util.LogHelper  : HHH000204: Processing PersistenceUnitInfo [name: default]
2022-10-12 13:51:36.435  INFO 7932 --- [restartedMain] org.hibernate.Version                    : HHH000412: Hibernate ORM core version 5.6.11.Final
2022-10-12 13:51:36.877  INFO 7932 --- [restartedMain] o.hibernate.annotations.common.Version   : HCANN000001: Hibernate Commons Annotations {5.1.2.Final}
2022-10-12 13:51:37.130  INFO 7932 --- [restartedMain] com.zaxxer.hikari.HikariDataSource       : HikariPool-1 - Starting...
2022-10-12 13:51:37.144  WARN 7932 --- [restartedMain] com.zaxxer.hikari.util.DriverDataSource  : Registered driver with driverClassName=oracle.jdbc.driver.OracleDriver was not found, trying direct instantiation.
2022-10-12 13:51:37.752  INFO 7932 --- [restartedMain] com.zaxxer.hikari.HikariDataSource       : HikariPool-1 - Start completed.
2022-10-12 13:51:37.813  INFO 7932 --- [restartedMain] org.hibernate.dialect.Dialect            : HHH000400: Using dialect: org.hibernate.dialect.Oracle12cDialect
2022-10-12 13:51:39.735  INFO 7932 --- [restartedMain] o.h.e.t.j.p.i.JtaPlatformInitiator       : HHH000490: Using JtaPlatform implementation: [org.hibernate.engine.transaction.jta.platform.internal.NoJtaPlatform]
2022-10-12 13:51:39.757  INFO 7932 --- [restartedMain] j.LocalContainerEntityManagerFactoryBean : Initialized JPA EntityManagerFactory for persistence unit 'default'
2022-10-12 13:51:40.611  WARN 7932 --- [restartedMain] JpaBaseConfiguration$JpaWebConfiguration : spring.jpa.open-in-view is enabled by default. Therefore, database queries may be performed during view rendering. Explicitly configure spring.jpa.open-in-view to disable this warning
2022-10-12 13:51:41.682  INFO 7932 --- [restartedMain] o.s.b.d.a.OptionalLiveReloadServer       : LiveReload server is running on port 35729
2022-10-12 13:51:41.766  INFO 7932 --- [restartedMain] o.s.b.w.embedded.tomcat.TomcatWebServer  : Tomcat started on port(s): 8080 (http) with context path ''
2022-10-12 13:51:41.793  INFO 7932 --- [restartedMain] e.u.b.pruebajpa.JpaOracleApplication     : Started JpaOracleApplication in 11.109 seconds (JVM running for 12.964)
2022-10-12 13:51:56.046  INFO 7932 --- [http-nio-8080-exec-1] o.a.c.c.C.[Tomcat].[localhost].[/]       : Initializing Spring DispatcherServlet 'dispatcherServlet'
2022-10-12 13:51:56.047  INFO 7932 --- [http-nio-8080-exec-1] o.s.web.servlet.DispatcherServlet        : Initializing Servlet 'dispatcherServlet'
2022-10-12 13:51:56.056  INFO 7932 --- [http-nio-8080-exec-1] o.s.web.servlet.DispatcherServlet        : Completed initialization in 8 ms
2022-10-12 13:52:13.029  INFO 7932 --- [http-nio-8080-exec-4] e.u.b.p.controller.Alumnocontroller      : Inicio: listadoAlumnos
2022-10-12 13:52:54.542  WARN 7932 --- [http-nio-8080-exec-8] .w.s.m.s.DefaultHandlerExceptionResolver : Resolved [org.springframework.web.method.annotation.MethodArgumentTypeMismatchException: Failed to convert value of type 'java.lang.String' to required type 'java.lang.Integer'; nested exception is java.lang.NumberFormatException: For input string: "add"]
2022-10-12 13:53:08.773  INFO 7932 --- [http-nio-8080-exec-9] e.u.b.p.controller.Alumnocontroller      : Inicio: insertarAlumnos
2022-10-12 13:53:21.809  INFO 7932 --- [http-nio-8080-exec-3] e.u.b.p.controller.Alumnocontroller      : Inicio: insertarAlumnos
2022-10-12 13:53:26.850  INFO 7932 --- [http-nio-8080-exec-2] e.u.b.p.controller.Alumnocontroller      : Inicio: insertarAlumnos
2022-10-12 13:53:33.790  INFO 7932 --- [http-nio-8080-exec-7] e.u.b.p.controller.Alumnocontroller      : Inicio: insertarAlumnos
2022-10-12 13:55:54.900  INFO 7932 --- [http-nio-8080-exec-9] e.u.b.p.controller.Alumnocontroller      : Inicio: insertarAlumnos
2022-10-12 13:56:12.588  INFO 7932 --- [http-nio-8080-exec-3] e.u.b.p.controller.Alumnocontroller      : Inicio: insertarAlumnos
2022-10-12 13:58:52.461  INFO 7932 --- [http-nio-8080-exec-6] e.u.b.p.controller.Alumnocontroller      : Inicio: listadoAlumnos
2022-10-12 13:59:24.283  INFO 7932 --- [http-nio-8080-exec-5] e.u.b.p.controller.Alumnocontroller      : Inicio: listadoAlumnos
2022-10-12 13:59:27.013  INFO 7932 --- [http-nio-8080-exec-10] e.u.b.p.controller.Alumnocontroller      : Inicio: listadoAlumnos
2022-10-12 14:00:02.216  INFO 7932 --- [http-nio-8080-exec-4] e.u.b.p.controller.Alumnocontroller      : Inicio: listadoAlumnos
2022-10-12 14:00:04.024  INFO 7932 --- [http-nio-8080-exec-6] e.u.b.p.controller.Alumnocontroller      : Inicio: listadoAlumnos
2022-10-12 14:00:47.589  INFO 7932 --- [http-nio-8080-exec-5] e.u.b.p.controller.Alumnocontroller      : Inicio: obtenerAlumno3
2022-10-12 14:00:53.275  INFO 7932 --- [http-nio-8080-exec-9] e.u.b.p.controller.Alumnocontroller      : Inicio: obtenerAlumno7
2022-10-12 14:00:57.670  INFO 7932 --- [http-nio-8080-exec-2] e.u.b.p.controller.Alumnocontroller      : Inicio: obtenerAlumno8
2022-10-12 14:01:00.509  INFO 7932 --- [http-nio-8080-exec-3] e.u.b.p.controller.Alumnocontroller      : Inicio: obtenerAlumno1
2022-10-12 14:02:27.012  INFO 7932 --- [RMI TCP Connection(14)-127.0.0.1] inMXBeanRegistrar$SpringApplicationAdmin : Application shutdown requested.
2022-10-12 14:02:27.043  INFO 7932 --- [RMI TCP Connection(14)-127.0.0.1] o.apache.catalina.core.StandardService   : Stopping service [Tomcat]
2022-10-12 14:02:27.048  INFO 7932 --- [RMI TCP Connection(14)-127.0.0.1] o.a.c.c.C.[Tomcat].[localhost].[/]       : Destroying Spring FrameworkServlet 'dispatcherServlet'
2022-10-12 14:02:27.064  INFO 7932 --- [RMI TCP Connection(14)-127.0.0.1] j.LocalContainerEntityManagerFactoryBean : Closing JPA EntityManagerFactory for persistence unit 'default'
2022-10-12 14:02:27.072  INFO 7932 --- [RMI TCP Connection(14)-127.0.0.1] com.zaxxer.hikari.HikariDataSource       : HikariPool-1 - Shutdown initiated...
2022-10-12 14:02:27.127  INFO 7932 --- [RMI TCP Connection(14)-127.0.0.1] com.zaxxer.hikari.HikariDataSource       : HikariPool-1 - Shutdown completed.
